# JRE version: Java(TM) SE Runtime Environment (21.0.1+12) (build 21.0.1+12-LTS-29)
# Java VM: Java HotSpot(TM) 64-Bit Server VM (21.0.1+12-LTS-29, mixed mode, sharing, tiered, compressed oops, compressed class ptrs, g1 gc, windows-amd64)
GC Precious Log:
 CardTable entry size: 512
 Card Set container configuration: InlinePtr #cards 5 size 8 Array Of Cards #cards 12 size 40 Howl #buckets 4 coarsen threshold 1843 Howl Bitmap #cards 512 size 80 coarsen threshold 460 Card regions per heap region 1 cards per card region 2048
 CPUs: 4 total, 4 available
 Memory: 8093M
 Large Page Support: Disabled
 NUMA Support: Disabled
 Compressed Oops: Enabled (32-bit)
 Heap Region Size: 1M
 Heap Min Capacity: 8M
 Heap Initial Capacity: 128M
 Heap Max Capacity: 2024M
 Pre-touch: Disabled
 Parallel Workers: 4
 Concurrent Workers: 1
 Concurrent Refinement Workers: 4
 Periodic GC: Disabled
Heap:
 garbage-first heap   total 48128K, used 23516K [0x0000000081800000, 0x0000000100000000)
  region size 1024K, 3 young (3072K), 3 survivors (3072K)
 Metaspace       used 56187K, committed 56768K, reserved 1114112K
  class space    used 7458K, committed 7680K, reserved 1048576K
GC Heap History (19 events):
Event: 0.576 GC heap before
{Heap before GC invocations=0 (full 0):
 garbage-first heap   total 131072K, used 15360K [0x0000000081800000, 0x0000000100000000)
  region size 1024K, 13 young (13312K), 0 survivors (0K)
 Metaspace       used 3892K, committed 4096K, reserved 1114112K
  class space    used 401K, committed 512K, reserved 1048576K
}
Event: 0.580 GC heap after
{Heap after GC invocations=1 (full 0):
 garbage-first heap   total 131072K, used 6743K [0x0000000081800000, 0x0000000100000000)
  region size 1024K, 2 young (2048K), 2 survivors (2048K)
 Metaspace       used 3892K, committed 4096K, reserved 1114112K
  class space    used 401K, committed 512K, reserved 1048576K
}
Event: 0.941 GC heap before
{Heap before GC invocations=1 (full 0):
 garbage-first heap   total 131072K, used 21079K [0x0000000081800000, 0x0000000100000000)
  region size 1024K, 16 young (16384K), 2 survivors (2048K)
 Metaspace       used 7898K, committed 8128K, reserved 1114112K
  class space    used 937K, committed 1024K, reserved 1048576K
}
Event: 0.945 GC heap after
{Heap after GC invocations=2 (full 0):
 garbage-first heap   total 131072K, used 8279K [0x0000000081800000, 0x0000000100000000)
  region size 1024K, 2 young (2048K), 2 survivors (2048K)
 Metaspace       used 7898K, committed 8128K, reserved 1114112K
  class space    used 937K, committed 1024K, reserved 1048576K
}
Event: 2.312 GC heap before
{Heap before GC invocations=2 (full 0):
 garbage-first heap   total 131072K, used 69719K [0x0000000081800000, 0x0000000100000000)
  region size 1024K, 64 young (65536K), 2 survivors (2048K)
 Metaspace       used 21206K, committed 21504K, reserved 1114112K
  class space    used 2558K, committed 2688K, reserved 1048576K
}
Event: 2.322 GC heap after
{Heap after GC invocations=3 (full 0):
 garbage-first heap   total 131072K, used 14015K [0x0000000081800000, 0x0000000100000000)
  region size 1024K, 7 young (7168K), 7 survivors (7168K)
 Metaspace       used 21206K, committed 21504K, reserved 1114112K
  class space    used 2558K, committed 2688K, reserved 1048576K
}
Event: 2.969 GC heap before
{Heap before GC invocations=4 (full 0):
 garbage-first heap   total 48128K, used 35519K [0x0000000081800000, 0x0000000100000000)
  region size 1024K, 28 young (28672K), 7 survivors (7168K)
 Metaspace       used 25270K, committed 25728K, reserved 1114112K
  class space    used 3153K, committed 3392K, reserved 1048576K
}
Event: 2.988 GC heap after
{Heap after GC invocations=5 (full 0):
 garbage-first heap   total 48128K, used 16883K [0x0000000081800000, 0x0000000100000000)
  region size 1024K, 3 young (3072K), 3 survivors (3072K)
 Metaspace       used 25270K, committed 25728K, reserved 1114112K
  class space    used 3153K, committed 3392K, reserved 1048576K
}
Event: 3.473 GC heap before
{Heap before GC invocations=5 (full 0):
 garbage-first heap   total 48128K, used 36339K [0x0000000081800000, 0x0000000100000000)
  region size 1024K, 22 young (22528K), 3 survivors (3072K)
 Metaspace       used 29146K, committed 29632K, reserved 1114112K
  class space    used 3664K, committed 3904K, reserved 1048576K
}
Event: 3.480 GC heap after
{Heap after GC invocations=6 (full 0):
 garbage-first heap   total 48128K, used 18102K [0x0000000081800000, 0x0000000100000000)
  region size 1024K, 2 young (2048K), 2 survivors (2048K)
 Metaspace       used 29146K, committed 29632K, reserved 1114112K
  class space    used 3664K, committed 3904K, reserved 1048576K
}
Event: 4.198 GC heap before
{Heap before GC invocations=6 (full 0):
 garbage-first heap   total 48128K, used 37558K [0x0000000081800000, 0x0000000100000000)
  region size 1024K, 22 young (22528K), 2 survivors (2048K)
 Metaspace       used 34799K, committed 35328K, reserved 1114112K
  class space    used 4528K, committed 4800K, reserved 1048576K
}
Event: 4.203 GC heap after
{Heap after GC invocations=7 (full 0):
 garbage-first heap   total 48128K, used 19346K [0x0000000081800000, 0x0000000100000000)
  region size 1024K, 2 young (2048K), 2 survivors (2048K)
 Metaspace       used 34799K, committed 35328K, reserved 1114112K
  class space    used 4528K, committed 4800K, reserved 1048576K
}
Event: 4.262 GC heap before
{Heap before GC invocations=7 (full 0):
 garbage-first heap   total 48128K, used 21394K [0x0000000081800000, 0x0000000100000000)
  region size 1024K, 5 young (5120K), 2 survivors (2048K)
 Metaspace       used 35447K, committed 35968K, reserved 1114112K
  class space    used 4651K, committed 4928K, reserved 1048576K
}
Event: 4.264 GC heap after
{Heap after GC invocations=8 (full 0):
 garbage-first heap   total 48128K, used 19312K [0x0000000081800000, 0x0000000100000000)
  region size 1024K, 2 young (2048K), 2 survivors (2048K)
 Metaspace       used 35447K, committed 35968K, reserved 1114112K
  class space    used 4651K, committed 4928K, reserved 1048576K
}
Event: 5.277 GC heap before
{Heap before GC invocations=9 (full 0):
 garbage-first heap   total 48128K, used 39792K [0x0000000081800000, 0x0000000100000000)
  region size 1024K, 23 young (23552K), 2 survivors (2048K)
 Metaspace       used 45093K, committed 45632K, reserved 1114112K
  class space    used 5832K, committed 6080K, reserved 1048576K
}
Event: 5.282 GC heap after
{Heap after GC invocations=10 (full 0):
 garbage-first heap   total 48128K, used 21632K [0x0000000081800000, 0x0000000100000000)
  region size 1024K, 3 young (3072K), 3 survivors (3072K)
 Metaspace       used 45093K, committed 45632K, reserved 1114112K
  class space    used 5832K, committed 6080K, reserved 1048576K
}
Event: 5.765 GC heap before
{Heap before GC invocations=10 (full 0):
 garbage-first heap   total 48128K, used 41088K [0x0000000081800000, 0x0000000100000000)
  region size 1024K, 22 young (22528K), 3 survivors (3072K)
 Metaspace       used 49747K, committed 50304K, reserved 1114112K
  class space    used 6396K, committed 6656K, reserved 1048576K
}
Event: 5.773 GC heap after
{Heap after GC invocations=11 (full 0):
 garbage-first heap   total 48128K, used 22935K [0x0000000081800000, 0x0000000100000000)
  region size 1024K, 2 young (2048K), 2 survivors (2048K)
 Metaspace       used 49747K, committed 50304K, reserved 1114112K
  class space    used 6396K, committed 6656K, reserved 1048576K
}
Event: 6.227 GC heap before
{Heap before GC invocations=11 (full 0):
 garbage-first heap   total 48128K, used 41367K [0x0000000081800000, 0x0000000100000000)
  region size 1024K, 20 young (20480K), 2 survivors (2048K)
 Metaspace       used 56187K, committed 56768K, reserved 1114112K
  class space    used 7458K, committed 7680K, reserved 1048576K
}

